<?xml version="1.0" encoding="UTF-8"?>
<testsuite xmlns:xsi="http://www.w3.org/2001/XMLSchema-instance" xsi:noNamespaceSchemaLocation="https://maven.apache.org/surefire/maven-surefire-plugin/xsd/surefire-test-report-3.0.xsd" version="3.0" name="org.acme.ExampleResourceTest" time="7.533" tests="2" errors="0" skipped="0" failures="0">
  <properties>
[...]
</properties>
  <testcase name="testHelloEndpoint" classname="org.acme.ExampleResourceTest" time="1.191">
    <system-out><![CDATA[[INFO] H2 database started in TCP server mode; server status: TCP server running at tcp://10.0.0.119:9092 (only local connections)
2021-09-29 11:05:56,994 INFO  [org.hib.rea.pro.imp.ReactiveIntegrator] (main) HRX000001: Hibernate Reactive Preview
2021-09-29 11:05:57,302 INFO  [io.quarkus] (main) Quarkus 1.13.4.Final on JVM started in 3.138s. Listening on: http://localhost:8081
2021-09-29 11:05:57,303 INFO  [io.quarkus] (main) Profile test activated. 
2021-09-29 11:05:57,303 INFO  [io.quarkus] (main) Installed features: [cdi, hibernate-orm, hibernate-reactive, hibernate-reactive-panache, mutiny, reactive-pg-client, resteasy-reactive, resteasy-reactive-jackson, smallrye-context-propagation, smallrye-openapi, swagger-ui, vertx]
]]></system-out>
  </testcase>
  <testcase name="testGreetingEndpoint" classname="org.acme.ExampleResourceTest" time="0.038"/>
</testsuite>